usage: adapt_half_RSI.py [-h] [--data_dir DATA_DIR] [--output_dir OUTPUT_DIR]
                         [--files FILES] [--trials TRIALS] [--seed SEED]
                         [--commission_rate_per_side COMMISSION_RATE_PER_SIDE]
                         [--slMultiplier-min SLMULTIPLIER_MIN]
                         [--slMultiplier-max SLMULTIPLIER_MAX]
                         [--tpMultiplier-min TPMULTIPLIER_MIN]
                         [--tpMultiplier-max TPMULTIPLIER_MAX]
                         [--pf-cap PF_CAP_SCORE_ONLY]
                         [--pf-baseline PF_BASELINE] [--pf-k PF_K]
                         [--trades-baseline TRADES_BASELINE]
                         [--trades-k TRADES_K] [--weight-pf WEIGHT_PF]
                         [--score-power SCORE_POWER] [--min-trades MIN_TRADES]
                         [--penalty] [--loss-floor LOSS_FLOOR]
                         [--penalty-ret-center PENALTY_RET_CENTER]
                         [--penalty-ret-k PENALTY_RET_K]
                         [--ret-floor RET_FLOOR] [--ret-floor-k RET_FLOOR_K]
                         [--max-trades MAX_TRADES]
                         [--max-trades-k MAX_TRADES_K] [--pf-floor PF_FLOOR]
                         [--pf-floor-k PF_FLOOR_K]
                         [--fill {same_close,next_open}] [--use_trailing_exit]
                         [--trail_mode {trail_only,trail_plus_hard_sl}]
                         [--close_on_sellSignal] [--cooldown COOLDOWN]
                         [--opt-cooldown] [--time-stop TIME_STOP]
                         [--opt-time-stop] [--min-tp2sl MIN_TP2SL]
                         [--tp2sl-auto] [--tp2sl-base TP2SL_BASE]
                         [--tp2sl-sr0 TP2SL_SR0] [--tp2sl-k TP2SL_K]
                         [--tp2sl-min TP2SL_MIN] [--tp2sl-max TP2SL_MAX]
                         [--coverage-target COVERAGE_TARGET]
                         [--coverage-k COVERAGE_K] [--optimize]
                         [--report-only] [--report-both-fills]
                         [--atrPeriod-fixed ATRPERIOD_FIXED]
                         [--slMultiplier-fixed SLMULTIPLIER_FIXED]
                         [--tpMultiplier-fixed TPMULTIPLIER_FIXED]
                         [--opt-adaptive]
                         [--base_slow_window-fixed BASE_SLOW_WINDOW_FIXED]
                         [--adapt_k-fixed ADAPT_K_FIXED]
                         [--min_window-fixed MIN_WINDOW_FIXED]
                         [--max_window-fixed MAX_WINDOW_FIXED]
                         [--shift-fixed SHIFT_FIXED]
                         [--smooth_len-fixed SMOOTH_LEN_FIXED]
                         [--no-use_trailing_exit] [--no-close_on_sellSignal]
adapt_half_RSI.py: error: unrecognized arguments: --time-stop-fixed 0 --cooldown-fixed 0
