[I 2026-01-25 02:24:42,557] A new study created in memory with name: no-name-5e2c8ba9-256d-4c75-a617-332ea2eaf112
  0%|          | 0/1000 [00:00<?, ?it/s]                                          0%|          | 0/1000 [00:02<?, ?it/s]                                          0%|          | 0/1000 [00:02<?, ?it/s]  0%|          | 0/1000 [00:02<?, ?it/s]
[W 2026-01-25 02:24:44,721] Trial 0 failed with parameters: {'regime_ratio': 1.76707901280885, 'vidya_len': 21, 'vidya_smooth': 37, 'fastPeriod': 15, 'slowPeriod': 28, 'time_stop_bars': 13, 'threshold': 0.004757283013789597, 'vol_floor_mult': 0.03296920400475708, 'loss_floor': 0.0012563462661731811, 'cooldown_bars': 2} because of the following error: TypeError("float() argument must be a string or a real number, not 'complex'").
Traceback (most recent call last):
  File "C:\Users\eugen\AppData\Local\Packages\PythonSoftwareFoundation.Python.3.13_qbz5n2kfra8p0\LocalCache\local-packages\Python313\site-packages\optuna\study\_optimize.py", line 206, in _run_trial
    value_or_values = func(trial)
  File "C:\Backup\_my\my_Github\strategy_optimization\Vidya_RSI\Vidya_RSI.py", line 1509, in wrapped_objective
    return objective(trial, loaded_data, args)
  File "C:\Backup\_my\my_Github\strategy_optimization\Vidya_RSI\Vidya_RSI.py", line 1275, in objective
    indiv_scores = np.asarray([score_trial(st, args) for st in stats])
                               ~~~~~~~~~~~^^^^^^^^^^
  File "C:\Backup\_my\my_Github\strategy_optimization\Vidya_RSI\Vidya_RSI.py", line 914, in score_trial
    return float(base_score ** args.score_power)
TypeError: float() argument must be a string or a real number, not 'complex'
[W 2026-01-25 02:24:44,748] Trial 0 failed with value None.
Traceback (most recent call last):
  File "C:\Backup\_my\my_Github\strategy_optimization\Vidya_RSI\Vidya_RSI.py", line 1691, in <module>
    main()
    ~~~~^^
  File "C:\Backup\_my\my_Github\strategy_optimization\Vidya_RSI\Vidya_RSI.py", line 1522, in main
    study.optimize(
    ~~~~~~~~~~~~~~^
        wrapped_objective,
        ^^^^^^^^^^^^^^^^^^
    ...<3 lines>...
        show_progress_bar=True
        ^^^^^^^^^^^^^^^^^^^^^^
    )
    ^
  File "C:\Users\eugen\AppData\Local\Packages\PythonSoftwareFoundation.Python.3.13_qbz5n2kfra8p0\LocalCache\local-packages\Python313\site-packages\optuna\study\study.py", line 490, in optimize
    _optimize(
    ~~~~~~~~~^
        study=self,
        ^^^^^^^^^^^
    ...<7 lines>...
        show_progress_bar=show_progress_bar,
        ^^^^^^^^^^^^^^^^^^^^^^^^^^^^^^^^^^^^
    )
    ^
  File "C:\Users\eugen\AppData\Local\Packages\PythonSoftwareFoundation.Python.3.13_qbz5n2kfra8p0\LocalCache\local-packages\Python313\site-packages\optuna\study\_optimize.py", line 68, in _optimize
    _optimize_sequential(
    ~~~~~~~~~~~~~~~~~~~~^
        study,
        ^^^^^^
    ...<8 lines>...
        progress_bar=progress_bar,
        ^^^^^^^^^^^^^^^^^^^^^^^^^^
    )
    ^
  File "C:\Users\eugen\AppData\Local\Packages\PythonSoftwareFoundation.Python.3.13_qbz5n2kfra8p0\LocalCache\local-packages\Python313\site-packages\optuna\study\_optimize.py", line 165, in _optimize_sequential
    frozen_trial_id = _run_trial(study, func, catch)
  File "C:\Users\eugen\AppData\Local\Packages\PythonSoftwareFoundation.Python.3.13_qbz5n2kfra8p0\LocalCache\local-packages\Python313\site-packages\optuna\study\_optimize.py", line 263, in _run_trial
    raise func_err
  File "C:\Users\eugen\AppData\Local\Packages\PythonSoftwareFoundation.Python.3.13_qbz5n2kfra8p0\LocalCache\local-packages\Python313\site-packages\optuna\study\_optimize.py", line 206, in _run_trial
    value_or_values = func(trial)
  File "C:\Backup\_my\my_Github\strategy_optimization\Vidya_RSI\Vidya_RSI.py", line 1509, in wrapped_objective
    return objective(trial, loaded_data, args)
  File "C:\Backup\_my\my_Github\strategy_optimization\Vidya_RSI\Vidya_RSI.py", line 1275, in objective
    indiv_scores = np.asarray([score_trial(st, args) for st in stats])
                               ~~~~~~~~~~~^^^^^^^^^^
  File "C:\Backup\_my\my_Github\strategy_optimization\Vidya_RSI\Vidya_RSI.py", line 914, in score_trial
    return float(base_score ** args.score_power)
TypeError: float() argument must be a string or a real number, not 'complex'
