usage: adapt_RSI.py [-h] [--data_dir DATA_DIR] [--output_dir OUTPUT_DIR]
                    [--files FILES] [--trials TRIALS] [--seed SEED]
                    [--commission_rate_per_side COMMISSION_RATE_PER_SIDE]
                    [--pf-cap PF_CAP_SCORE_ONLY] [--pf-baseline PF_BASELINE]
                    [--pf-k PF_K] [--trades-baseline TRADES_BASELINE]
                    [--trades-k TRADES_K] [--weight-pf WEIGHT_PF]
                    [--score-power SCORE_POWER] [--min-trades MIN_TRADES]
                    [--penalty] [--loss_floor LOSS_FLOOR]
                    [--penalty-ret-center PENALTY_RET_CENTER]
                    [--penalty-ret-k PENALTY_RET_K] [--ret-floor RET_FLOOR]
                    [--ret-floor-k RET_FLOOR_K] [--max-trades MAX_TRADES]
                    [--max-trades-k MAX_TRADES_K] [--pf-floor PF_FLOOR]
                    [--pf-floor-k PF_FLOOR_K] [--fill {same_close,next_open}]
                    [--use_trailing_exit USE_TRAILING_EXIT]
                    [--trail_mode {trail_only,trail_plus_hard_sl}]
                    [--close_on_sellSignal CLOSE_ON_SELLSIGNAL]
                    [--cooldown COOLDOWN] [--opt-cooldown]
                    [--time-stop TIME_STOP] [--opt-time-stop]
                    [--min-tp2sl MIN_TP2SL] [--tp2sl-auto]
                    [--tp2sl-base TP2SL_BASE] [--tp2sl-sr0 TP2SL_SR0]
                    [--tp2sl-k TP2SL_K] [--tp2sl-min TP2SL_MIN]
                    [--tp2sl-max TP2SL_MAX]
                    [--coverage-target COVERAGE_TARGET]
                    [--coverage-k COVERAGE_K] [--optimize]
                    [--report-both-fills] [--report-only]
                    [--atrPeriod-fixed ATRPERIOD_FIXED]
                    [--slMultiplier-fixed SLMULTIPLIER_FIXED]
                    [--tpMultiplier-fixed TPMULTIPLIER_FIXED]
                    [--basePeriod-min BASEPERIOD_MIN]
                    [--basePeriod-max BASEPERIOD_MAX]
                    [--basePeriod-fixed BASEPERIOD_FIXED]
                    [--minPeriod-fixed MINPERIOD_FIXED]
                    [--maxPeriod-fixed MAXPERIOD_FIXED] [--opt-adaptive]
                    [--opt-fastslow] [--fastPeriod-fixed FASTPERIOD_FIXED]
                    [--slowPeriod-fixed SLOWPERIOD_FIXED]
                    [--smooth_len-fixed SMOOTH_LEN_FIXED]
                    [--shift-fixed SHIFT_FIXED]
                    [--threshold-fixed THRESHOLD_FIXED]
                    [--threshold-mode {fixed,dynamic}]
                    [--threshold-floor THRESHOLD_FLOOR]
                    [--threshold-std-mult THRESHOLD_STD_MULT]
                    [--vol-floor-mult-fixed VOL_FLOOR_MULT_FIXED]
                    [--vol-floor-len VOL_FLOOR_LEN]
                    [--trend-center TREND_CENTER] [--trend-k TREND_K]
adapt_RSI.py: error: unrecognized arguments: Using progressive optimization with previous phase A results --threshold_floor-fixed 0.06185840798189606 --threshold_std_mult-fixed 0.05678845486845762 --Performance-fixed --Mean ticker score (eligible)-fixed 0.062987 --Avg PF (raw)-fixed 4.383531766493397 --Avg PF (diag)-fixed 4.482896 --Avg trades/ticker-fixed 2.10
