usage: adapt_RSI.py [-h] [--data_dir DATA_DIR] [--output_dir OUTPUT_DIR]
                    [--files FILES] [--trials TRIALS] [--seed SEED]
                    [--commission_rate_per_side COMMISSION_RATE_PER_SIDE]
                    [--pf-cap PF_CAP_SCORE_ONLY] [--pf-baseline PF_BASELINE]
                    [--pf-k PF_K] [--trades-baseline TRADES_BASELINE]
                    [--trades-k TRADES_K] [--weight-pf WEIGHT_PF]
                    [--score-power SCORE_POWER] [--min-trades MIN_TRADES]
                    [--penalty] [--loss_floor LOSS_FLOOR]
                    [--penalty-ret-center PENALTY_RET_CENTER]
                    [--penalty-ret-k PENALTY_RET_K] [--ret-floor RET_FLOOR]
                    [--ret-floor-k RET_FLOOR_K] [--max-trades MAX_TRADES]
                    [--max-trades-k MAX_TRADES_K] [--pf-floor PF_FLOOR]
                    [--pf-floor-k PF_FLOOR_K] [--fill {same_close,next_open}]
                    [--use_trailing_exit USE_TRAILING_EXIT]
                    [--trail_mode {trail_only,trail_plus_hard_sl}]
                    [--close_on_sellSignal CLOSE_ON_SELLSIGNAL]
                    [--cooldown COOLDOWN] [--opt-cooldown]
                    [--time-stop TIME_STOP] [--opt-time-stop]
                    [--min-tp2sl MIN_TP2SL] [--tp2sl-auto]
                    [--tp2sl-base TP2SL_BASE] [--tp2sl-sr0 TP2SL_SR0]
                    [--tp2sl-k TP2SL_K] [--tp2sl-min TP2SL_MIN]
                    [--tp2sl-max TP2SL_MAX]
                    [--coverage-target COVERAGE_TARGET]
                    [--coverage-k COVERAGE_K] [--optimize]
                    [--report-both-fills] [--report-only]
                    [--atrPeriod-fixed ATRPERIOD_FIXED]
                    [--slMultiplier-fixed SLMULTIPLIER_FIXED]
                    [--tpMultiplier-fixed TPMULTIPLIER_FIXED]
                    [--basePeriod-fixed BASEPERIOD_FIXED]
                    [--minPeriod-fixed MINPERIOD_FIXED]
                    [--maxPeriod-fixed MAXPERIOD_FIXED] [--opt-adaptive]
                    [--opt-fastslow] [--fastPeriod-fixed FASTPERIOD_FIXED]
                    [--slowPeriod-fixed SLOWPERIOD_FIXED]
                    [--smooth_len-fixed SMOOTH_LEN_FIXED]
                    [--shift-fixed SHIFT_FIXED]
                    [--threshold-fixed THRESHOLD_FIXED]
                    [--threshold-mode {fixed,dynamic}]
                    [--threshold-floor THRESHOLD_FLOOR]
                    [--threshold-std-mult THRESHOLD_STD_MULT]
                    [--vol-floor-mult-fixed VOL_FLOOR_MULT_FIXED]
                    [--vol-floor-len VOL_FLOOR_LEN]
                    [--trend-center TREND_CENTER] [--trend-k TREND_K]
adapt_RSI.py: error: unrecognized arguments: --loss-floor 0.0005 --basePeriod-min 10 --basePeriod-max 30 --minPeriod-min 2 --minPeriod-max 8 --maxPeriod-min 10 --maxPeriod-max 40 --fastPeriod-min 2 --fastPeriod-max 10 --slowPeriod-min 10 --slowPeriod-max 60 --smooth_len-min 1 --smooth_len-max 8 --shift-min 0 --shift-max 5 --threshold_floor-min 0.01 --threshold_floor-max 0.15 --threshold_std_mult-min 0.01 --threshold_std_mult-max 1.0 --atrPeriod-min 5 --atrPeriod-max 25 --slMultiplier-min 1.0 --slMultiplier-max 3.0 --tpMultiplier-min 1.5 --tpMultiplier-max 6.0 --cooldown-min 0 --cooldown-max 10 --time_stop-min 2 --time_stop-max 30
